ncverilog: 14.10-s005: (c) Copyright 1995-2014 Cadence Design Systems, Inc.
TOOL:	ncverilog	14.10-s005: Started on Dec 03, 2016 at 18:44:16 CST
ncverilog
	-f Datapath.f
		register.v
		top.v
	+access+r
file: register.v
	module worklib.RegisterFile:v
		errors: 0, warnings: 0
file: top.v
module top(DA, AA, BA, MB, FS, SS, SA, MD, RW, CONSTANT, DATA);
            |
ncvlog: *E,UNDIDN (top.v,1|12): 'DA': undeclared identifier [12.5(IEEE)].
module top(DA, AA, BA, MB, FS, SS, SA, MD, RW, CONSTANT, DATA);
                |
ncvlog: *E,UNDIDN (top.v,1|16): 'AA': undeclared identifier [12.5(IEEE)].
module top(DA, AA, BA, MB, FS, SS, SA, MD, RW, CONSTANT, DATA);
                    |
ncvlog: *E,UNDIDN (top.v,1|20): 'BA': undeclared identifier [12.5(IEEE)].
module top(DA, AA, BA, MB, FS, SS, SA, MD, RW, CONSTANT, DATA);
                        |
ncvlog: *E,UNDIDN (top.v,1|24): 'MB': undeclared identifier [12.5(IEEE)].
module top(DA, AA, BA, MB, FS, SS, SA, MD, RW, CONSTANT, DATA);
                            |
ncvlog: *E,UNDIDN (top.v,1|28): 'FS': undeclared identifier [12.5(IEEE)].
module top(DA, AA, BA, MB, FS, SS, SA, MD, RW, CONSTANT, DATA);
                                |
ncvlog: *E,UNDIDN (top.v,1|32): 'SS': undeclared identifier [12.5(IEEE)].
module top(DA, AA, BA, MB, FS, SS, SA, MD, RW, CONSTANT, DATA);
                                    |
ncvlog: *E,UNDIDN (top.v,1|36): 'SA': undeclared identifier [12.5(IEEE)].
module top(DA, AA, BA, MB, FS, SS, SA, MD, RW, CONSTANT, DATA);
                                        |
ncvlog: *E,UNDIDN (top.v,1|40): 'MD': undeclared identifier [12.5(IEEE)].
module top(DA, AA, BA, MB, FS, SS, SA, MD, RW, CONSTANT, DATA);
                                            |
ncvlog: *E,UNDIDN (top.v,1|44): 'RW': undeclared identifier [12.5(IEEE)].
module top(DA, AA, BA, MB, FS, SS, SA, MD, RW, CONSTANT, DATA);
                                                      |
ncvlog: *E,UNDIDN (top.v,1|54): 'CONSTANT': undeclared identifier [12.5(IEEE)].
module top(DA, AA, BA, MB, FS, SS, SA, MD, RW, CONSTANT, DATA);
                                                            |
ncvlog: *E,UNDIDN (top.v,1|60): 'DATA': undeclared identifier [12.5(IEEE)].
	module worklib.top:v
		errors: 11, warnings: 0
ncverilog: *E,VLGERR: An error occurred during parsing.  Review the log file for errors with the code *E and fix those identified problems to proceed.  Exiting with code (status 1).
TOOL:	ncverilog	14.10-s005: Exiting on Dec 03, 2016 at 18:44:17 CST  (total: 00:00:01)
